Determining if the Q_WS_WIN exist failed with the following output:
Change Dir: /home/mario/robocomp/components/robocomp-robolab/components/sickLaser/build/CMakeFiles/CMakeTmp

Run Build Command:"/usr/bin/make" "cmTryCompileExec389725490/fast"
/usr/bin/make -f CMakeFiles/cmTryCompileExec389725490.dir/build.make CMakeFiles/cmTryCompileExec389725490.dir/build
make[1]: Entering directory '/home/mario/robocomp/components/robocomp-robolab/components/sickLaser/build/CMakeFiles/CMakeTmp'
/usr/bin/cmake -E cmake_progress_report /home/mario/robocomp/components/robocomp-robolab/components/sickLaser/build/CMakeFiles/CMakeTmp/CMakeFiles 1
Building CXX object CMakeFiles/cmTryCompileExec389725490.dir/CheckSymbolExists.cxx.o
/usr/bin/c++    -I/usr/include/qt4    -o CMakeFiles/cmTryCompileExec389725490.dir/CheckSymbolExists.cxx.o -c /home/mario/robocomp/components/robocomp-robolab/components/sickLaser/build/CMakeFiles/CMakeTmp/CheckSymbolExists.cxx
/home/mario/robocomp/components/robocomp-robolab/components/sickLaser/build/CMakeFiles/CMakeTmp/CheckSymbolExists.cxx: In function ‘int main(int, char**)’:
/home/mario/robocomp/components/robocomp-robolab/components/sickLaser/build/CMakeFiles/CMakeTmp/CheckSymbolExists.cxx:8:19: error: ‘Q_WS_WIN’ was not declared in this scope
   return ((int*)(&Q_WS_WIN))[argc];
                   ^
CMakeFiles/cmTryCompileExec389725490.dir/build.make:57: recipe for target 'CMakeFiles/cmTryCompileExec389725490.dir/CheckSymbolExists.cxx.o' failed
make[1]: Leaving directory '/home/mario/robocomp/components/robocomp-robolab/components/sickLaser/build/CMakeFiles/CMakeTmp'
make[1]: *** [CMakeFiles/cmTryCompileExec389725490.dir/CheckSymbolExists.cxx.o] Error 1
Makefile:118: recipe for target 'cmTryCompileExec389725490/fast' failed
make: *** [cmTryCompileExec389725490/fast] Error 2

File /home/mario/robocomp/components/robocomp-robolab/components/sickLaser/build/CMakeFiles/CMakeTmp/CheckSymbolExists.cxx:
/* */
#include <QtCore/qglobal.h>

int main(int argc, char** argv)
{
  (void)argv;
#ifndef Q_WS_WIN
  return ((int*)(&Q_WS_WIN))[argc];
#else
  (void)argc;
  return 0;
#endif
}

Determining if the Q_WS_QWS exist failed with the following output:
Change Dir: /home/mario/robocomp/components/robocomp-robolab/components/sickLaser/build/CMakeFiles/CMakeTmp

Run Build Command:"/usr/bin/make" "cmTryCompileExec115694475/fast"
/usr/bin/make -f CMakeFiles/cmTryCompileExec115694475.dir/build.make CMakeFiles/cmTryCompileExec115694475.dir/build
make[1]: Entering directory '/home/mario/robocomp/components/robocomp-robolab/components/sickLaser/build/CMakeFiles/CMakeTmp'
/usr/bin/cmake -E cmake_progress_report /home/mario/robocomp/components/robocomp-robolab/components/sickLaser/build/CMakeFiles/CMakeTmp/CMakeFiles 1
Building CXX object CMakeFiles/cmTryCompileExec115694475.dir/CheckSymbolExists.cxx.o
/usr/bin/c++    -I/usr/include/qt4    -o CMakeFiles/cmTryCompileExec115694475.dir/CheckSymbolExists.cxx.o -c /home/mario/robocomp/components/robocomp-robolab/components/sickLaser/build/CMakeFiles/CMakeTmp/CheckSymbolExists.cxx
/home/mario/robocomp/components/robocomp-robolab/components/sickLaser/build/CMakeFiles/CMakeTmp/CheckSymbolExists.cxx: In function ‘int main(int, char**)’:
/home/mario/robocomp/components/robocomp-robolab/components/sickLaser/build/CMakeFiles/CMakeTmp/CheckSymbolExists.cxx:8:19: error: ‘Q_WS_QWS’ was not declared in this scope
   return ((int*)(&Q_WS_QWS))[argc];
                   ^
CMakeFiles/cmTryCompileExec115694475.dir/build.make:57: recipe for target 'CMakeFiles/cmTryCompileExec115694475.dir/CheckSymbolExists.cxx.o' failed
make[1]: *** [CMakeFiles/cmTryCompileExec115694475.dir/CheckSymbolExists.cxx.o] Error 1
make[1]: Leaving directory '/home/mario/robocomp/components/robocomp-robolab/components/sickLaser/build/CMakeFiles/CMakeTmp'
Makefile:118: recipe for target 'cmTryCompileExec115694475/fast' failed
make: *** [cmTryCompileExec115694475/fast] Error 2

File /home/mario/robocomp/components/robocomp-robolab/components/sickLaser/build/CMakeFiles/CMakeTmp/CheckSymbolExists.cxx:
/* */
#include <QtCore/qglobal.h>

int main(int argc, char** argv)
{
  (void)argv;
#ifndef Q_WS_QWS
  return ((int*)(&Q_WS_QWS))[argc];
#else
  (void)argc;
  return 0;
#endif
}

Determining if the Q_WS_MAC exist failed with the following output:
Change Dir: /home/mario/robocomp/components/robocomp-robolab/components/sickLaser/build/CMakeFiles/CMakeTmp

Run Build Command:"/usr/bin/make" "cmTryCompileExec755328505/fast"
/usr/bin/make -f CMakeFiles/cmTryCompileExec755328505.dir/build.make CMakeFiles/cmTryCompileExec755328505.dir/build
make[1]: Entering directory '/home/mario/robocomp/components/robocomp-robolab/components/sickLaser/build/CMakeFiles/CMakeTmp'
/usr/bin/cmake -E cmake_progress_report /home/mario/robocomp/components/robocomp-robolab/components/sickLaser/build/CMakeFiles/CMakeTmp/CMakeFiles 1
Building CXX object CMakeFiles/cmTryCompileExec755328505.dir/CheckSymbolExists.cxx.o
/usr/bin/c++    -I/usr/include/qt4    -o CMakeFiles/cmTryCompileExec755328505.dir/CheckSymbolExists.cxx.o -c /home/mario/robocomp/components/robocomp-robolab/components/sickLaser/build/CMakeFiles/CMakeTmp/CheckSymbolExists.cxx
/home/mario/robocomp/components/robocomp-robolab/components/sickLaser/build/CMakeFiles/CMakeTmp/CheckSymbolExists.cxx: In function ‘int main(int, char**)’:
/home/mario/robocomp/components/robocomp-robolab/components/sickLaser/build/CMakeFiles/CMakeTmp/CheckSymbolExists.cxx:8:19: error: ‘Q_WS_MAC’ was not declared in this scope
   return ((int*)(&Q_WS_MAC))[argc];
                   ^
CMakeFiles/cmTryCompileExec755328505.dir/build.make:57: recipe for target 'CMakeFiles/cmTryCompileExec755328505.dir/CheckSymbolExists.cxx.o' failed
make[1]: Leaving directory '/home/mario/robocomp/components/robocomp-robolab/components/sickLaser/build/CMakeFiles/CMakeTmp'
make[1]: *** [CMakeFiles/cmTryCompileExec755328505.dir/CheckSymbolExists.cxx.o] Error 1
Makefile:118: recipe for target 'cmTryCompileExec755328505/fast' failed
make: *** [cmTryCompileExec755328505/fast] Error 2

File /home/mario/robocomp/components/robocomp-robolab/components/sickLaser/build/CMakeFiles/CMakeTmp/CheckSymbolExists.cxx:
/* */
#include <QtCore/qglobal.h>

int main(int argc, char** argv)
{
  (void)argv;
#ifndef Q_WS_MAC
  return ((int*)(&Q_WS_MAC))[argc];
#else
  (void)argc;
  return 0;
#endif
}

