This file contains any messages produced by compilers while
running configure, to aid debugging if configure makes a mistake.

It was created by SickToolbox configure 1.0.1, which was
generated by GNU Autoconf 2.69.  Invocation command line was

  $ ./configure 

## --------- ##
## Platform. ##
## --------- ##

hostname = mario-EasyNote-TK85
uname -m = i686
uname -r = 3.13.0-57-generic
uname -s = Linux
uname -v = #95-Ubuntu SMP Fri Jun 19 09:27:48 UTC 2015

/usr/bin/uname -p = unknown
/bin/uname -X     = unknown

/bin/arch              = unknown
/usr/bin/arch -k       = unknown
/usr/convex/getsysinfo = unknown
/usr/bin/hostinfo      = unknown
/bin/machine           = unknown
/usr/bin/oslevel       = unknown
/bin/universe          = unknown

PATH: /usr/local/sbin
PATH: /usr/local/bin
PATH: /usr/sbin
PATH: /usr/bin
PATH: /sbin
PATH: /bin
PATH: /usr/games
PATH: /usr/local/games
PATH: /home/mario/ns-allinone-2.35/bin
PATH: /home/mario/ns-allinone-2.35/tcl8.5.10/unix
PATH: /home/mario/ns-allinone-2.35/tk8.5.10/unix
PATH: /home/mario/ns-allinone-2.35/ns-2.35/
PATH: /home/mario/ns-allinone-2.35/nam-1.15/
PATH: /opt/robocomp/bin
PATH: /home/mario/ns-allinone-2.35/bin
PATH: /home/mario/ns-allinone-2.35/tcl8.5.10/unix
PATH: /home/mario/ns-allinone-2.35/tk8.5.10/unix
PATH: /home/mario/ns-allinone-2.35/ns-2.35/
PATH: /home/mario/ns-allinone-2.35/nam-1.15/
PATH: /opt/robocomp/bin
PATH: /home/mario/ns-allinone-2.35/bin
PATH: /home/mario/ns-allinone-2.35/tcl8.5.10/unix
PATH: /home/mario/ns-allinone-2.35/tk8.5.10/unix
PATH: /home/mario/ns-allinone-2.35/ns-2.35/
PATH: /home/mario/ns-allinone-2.35/nam-1.15/
PATH: /opt/robocomp/bin
PATH: /home/mario/ns-allinone-2.35/bin
PATH: /home/mario/ns-allinone-2.35/tcl8.5.10/unix
PATH: /home/mario/ns-allinone-2.35/tk8.5.10/unix
PATH: /home/mario/ns-allinone-2.35/ns-2.35/
PATH: /home/mario/ns-allinone-2.35/nam-1.15/
PATH: /opt/robocomp/bin


## ----------- ##
## Core tests. ##
## ----------- ##

configure:2650: checking for a BSD-compatible install
configure:2718: result: /usr/bin/install -c
configure:2729: checking whether build environment is sane
configure:2784: result: yes
configure:2822: WARNING: 'missing' script is too old or missing
configure:2935: checking for a thread-safe mkdir -p
configure:2974: result: /bin/mkdir -p
configure:2981: checking for gawk
configure:3011: result: no
configure:2981: checking for mawk
configure:2997: found /usr/bin/mawk
configure:3008: result: mawk
configure:3019: checking whether make sets $(MAKE)
configure:3041: result: yes
configure:3070: checking whether make supports nested variables
configure:3087: result: yes
configure:3284: checking for g++
configure:3300: found /usr/bin/g++
configure:3311: result: g++
configure:3338: checking for C++ compiler version
configure:3347: g++ --version >&5
g++ (Ubuntu 4.8.4-2ubuntu1~14.04) 4.8.4
Copyright (C) 2013 Free Software Foundation, Inc.
This is free software; see the source for copying conditions.  There is NO
warranty; not even for MERCHANTABILITY or FITNESS FOR A PARTICULAR PURPOSE.

configure:3358: $? = 0
configure:3347: g++ -v >&5
Using built-in specs.
COLLECT_GCC=g++
COLLECT_LTO_WRAPPER=/usr/lib/gcc/i686-linux-gnu/4.8/lto-wrapper
Target: i686-linux-gnu
Configured with: ../src/configure -v --with-pkgversion='Ubuntu 4.8.4-2ubuntu1~14.04' --with-bugurl=file:///usr/share/doc/gcc-4.8/README.Bugs --enable-languages=c,c++,java,go,d,fortran,objc,obj-c++ --prefix=/usr --program-suffix=-4.8 --enable-shared --enable-linker-build-id --libexecdir=/usr/lib --without-included-gettext --enable-threads=posix --with-gxx-include-dir=/usr/include/c++/4.8 --libdir=/usr/lib --enable-nls --with-sysroot=/ --enable-clocale=gnu --enable-libstdcxx-debug --enable-libstdcxx-time=yes --enable-gnu-unique-object --disable-libmudflap --enable-plugin --with-system-zlib --disable-browser-plugin --enable-java-awt=gtk --enable-gtk-cairo --with-java-home=/usr/lib/jvm/java-1.5.0-gcj-4.8-i386/jre --enable-java-home --with-jvm-root-dir=/usr/lib/jvm/java-1.5.0-gcj-4.8-i386 --with-jvm-jar-dir=/usr/lib/jvm-exports/java-1.5.0-gcj-4.8-i386 --with-arch-directory=i386 --with-ecj-jar=/usr/share/java/eclipse-ecj.jar --enable-objc-gc --enable-targets=all --enable-multiarch --disable-werror --with-arch-32=i686 --with-multilib-list=m32,m64,mx32 --with-tune=generic --enable-checking=release --build=i686-linux-gnu --host=i686-linux-gnu --target=i686-linux-gnu
Thread model: posix
gcc version 4.8.4 (Ubuntu 4.8.4-2ubuntu1~14.04) 
configure:3358: $? = 0
configure:3347: g++ -V >&5
g++: error: unrecognized command line option '-V'
g++: fatal error: no input files
compilation terminated.
configure:3358: $? = 4
configure:3347: g++ -qversion >&5
g++: error: unrecognized command line option '-qversion'
g++: fatal error: no input files
compilation terminated.
configure:3358: $? = 4
configure:3378: checking whether the C++ compiler works
configure:3400: g++    conftest.cpp  >&5
configure:3404: $? = 0
configure:3452: result: yes
configure:3455: checking for C++ compiler default output file name
configure:3457: result: a.out
configure:3463: checking for suffix of executables
configure:3470: g++ -o conftest    conftest.cpp  >&5
configure:3474: $? = 0
configure:3496: result: 
configure:3518: checking whether we are cross compiling
configure:3526: g++ -o conftest    conftest.cpp  >&5
configure:3530: $? = 0
configure:3537: ./conftest
configure:3541: $? = 0
configure:3556: result: no
configure:3561: checking for suffix of object files
configure:3583: g++ -c   conftest.cpp >&5
configure:3587: $? = 0
configure:3608: result: o
configure:3612: checking whether we are using the GNU C++ compiler
configure:3631: g++ -c   conftest.cpp >&5
configure:3631: $? = 0
configure:3640: result: yes
configure:3649: checking whether g++ accepts -g
configure:3669: g++ -c -g  conftest.cpp >&5
configure:3669: $? = 0
configure:3710: result: yes
configure:3744: checking for style of include used by make
configure:3772: result: GNU
configure:3798: checking dependency style of g++
configure:3909: result: gcc3
configure:3972: checking for gcc
configure:3988: found /usr/bin/gcc
configure:3999: result: gcc
configure:4228: checking for C compiler version
configure:4237: gcc --version >&5
gcc (Ubuntu 4.8.4-2ubuntu1~14.04) 4.8.4
Copyright (C) 2013 Free Software Foundation, Inc.
This is free software; see the source for copying conditions.  There is NO
warranty; not even for MERCHANTABILITY or FITNESS FOR A PARTICULAR PURPOSE.

configure:4248: $? = 0
configure:4237: gcc -v >&5
Using built-in specs.
COLLECT_GCC=gcc
COLLECT_LTO_WRAPPER=/usr/lib/gcc/i686-linux-gnu/4.8/lto-wrapper
Target: i686-linux-gnu
Configured with: ../src/configure -v --with-pkgversion='Ubuntu 4.8.4-2ubuntu1~14.04' --with-bugurl=file:///usr/share/doc/gcc-4.8/README.Bugs --enable-languages=c,c++,java,go,d,fortran,objc,obj-c++ --prefix=/usr --program-suffix=-4.8 --enable-shared --enable-linker-build-id --libexecdir=/usr/lib --without-included-gettext --enable-threads=posix --with-gxx-include-dir=/usr/include/c++/4.8 --libdir=/usr/lib --enable-nls --with-sysroot=/ --enable-clocale=gnu --enable-libstdcxx-debug --enable-libstdcxx-time=yes --enable-gnu-unique-object --disable-libmudflap --enable-plugin --with-system-zlib --disable-browser-plugin --enable-java-awt=gtk --enable-gtk-cairo --with-java-home=/usr/lib/jvm/java-1.5.0-gcj-4.8-i386/jre --enable-java-home --with-jvm-root-dir=/usr/lib/jvm/java-1.5.0-gcj-4.8-i386 --with-jvm-jar-dir=/usr/lib/jvm-exports/java-1.5.0-gcj-4.8-i386 --with-arch-directory=i386 --with-ecj-jar=/usr/share/java/eclipse-ecj.jar --enable-objc-gc --enable-targets=all --enable-multiarch --disable-werror --with-arch-32=i686 --with-multilib-list=m32,m64,mx32 --with-tune=generic --enable-checking=release --build=i686-linux-gnu --host=i686-linux-gnu --target=i686-linux-gnu
Thread model: posix
gcc version 4.8.4 (Ubuntu 4.8.4-2ubuntu1~14.04) 
configure:4248: $? = 0
configure:4237: gcc -V >&5
gcc: error: unrecognized command line option '-V'
gcc: fatal error: no input files
compilation terminated.
configure:4248: $? = 4
configure:4237: gcc -qversion >&5
gcc: error: unrecognized command line option '-qversion'
gcc: fatal error: no input files
compilation terminated.
configure:4248: $? = 4
configure:4252: checking whether we are using the GNU C compiler
configure:4271: gcc -c -fpermisive   conftest.c >&5
gcc: error: unrecognized command line option '-fpermisive'
configure:4271: $? = 1
configure: failed program was:
| /* confdefs.h */
| #define PACKAGE_NAME "SickToolbox"
| #define PACKAGE_TARNAME "sicktoolbox"
| #define PACKAGE_VERSION "1.0.1"
| #define PACKAGE_STRING "SickToolbox 1.0.1"
| #define PACKAGE_BUGREPORT "derenick@lehigh.edu"
| #define PACKAGE_URL ""
| #define PACKAGE "sicktoolbox"
| #define VERSION "1.0.1"
| /* end confdefs.h.  */
| 
| int
| main ()
| {
| #ifndef __GNUC__
|        choke me
| #endif
| 
|   ;
|   return 0;
| }
configure:4280: result: no
configure:4289: checking whether gcc accepts -g
configure:4309: gcc -c -g  conftest.c >&5
configure:4309: $? = 0
configure:4350: result: yes
configure:4367: checking for gcc option to accept ISO C89
configure:4430: gcc  -c -fpermisive   conftest.c >&5
gcc: error: unrecognized command line option '-fpermisive'
configure:4430: $? = 1
configure: failed program was:
| /* confdefs.h */
| #define PACKAGE_NAME "SickToolbox"
| #define PACKAGE_TARNAME "sicktoolbox"
| #define PACKAGE_VERSION "1.0.1"
| #define PACKAGE_STRING "SickToolbox 1.0.1"
| #define PACKAGE_BUGREPORT "derenick@lehigh.edu"
| #define PACKAGE_URL ""
| #define PACKAGE "sicktoolbox"
| #define VERSION "1.0.1"
| /* end confdefs.h.  */
| #include <stdarg.h>
| #include <stdio.h>
| struct stat;
| /* Most of the following tests are stolen from RCS 5.7's src/conf.sh.  */
| struct buf { int x; };
| FILE * (*rcsopen) (struct buf *, struct stat *, int);
| static char *e (p, i)
|      char **p;
|      int i;
| {
|   return p[i];
| }
| static char *f (char * (*g) (char **, int), char **p, ...)
| {
|   char *s;
|   va_list v;
|   va_start (v,p);
|   s = g (p, va_arg (v,int));
|   va_end (v);
|   return s;
| }
| 
| /* OSF 4.0 Compaq cc is some sort of almost-ANSI by default.  It has
|    function prototypes and stuff, but not '\xHH' hex character constants.
|    These don't provoke an error unfortunately, instead are silently treated
|    as 'x'.  The following induces an error, until -std is added to get
|    proper ANSI mode.  Curiously '\x00'!='x' always comes out true, for an
|    array size at least.  It's necessary to write '\x00'==0 to get something
|    that's true only with -std.  */
| int osf4_cc_array ['\x00' == 0 ? 1 : -1];
| 
| /* IBM C 6 for AIX is almost-ANSI by default, but it replaces macro parameters
|    inside strings and character constants.  */
| #define FOO(x) 'x'
| int xlc6_cc_array[FOO(a) == 'x' ? 1 : -1];
| 
| int test (int i, double x);
| struct s1 {int (*f) (int a);};
| struct s2 {int (*f) (double a);};
| int pairnames (int, char **, FILE *(*)(struct buf *, struct stat *, int), int, int);
| int argc;
| char **argv;
| int
| main ()
| {
| return f (e, argv, 0) != argv[0]  ||  f (e, argv, 1) != argv[1];
|   ;
|   return 0;
| }
configure:4430: gcc -qlanglvl=extc89 -c -fpermisive   conftest.c >&5
gcc: error: unrecognized command line option '-qlanglvl=extc89'
gcc: error: unrecognized command line option '-fpermisive'
configure:4430: $? = 1
configure: failed program was:
| /* confdefs.h */
| #define PACKAGE_NAME "SickToolbox"
| #define PACKAGE_TARNAME "sicktoolbox"
| #define PACKAGE_VERSION "1.0.1"
| #define PACKAGE_STRING "SickToolbox 1.0.1"
| #define PACKAGE_BUGREPORT "derenick@lehigh.edu"
| #define PACKAGE_URL ""
| #define PACKAGE "sicktoolbox"
| #define VERSION "1.0.1"
| /* end confdefs.h.  */
| #include <stdarg.h>
| #include <stdio.h>
| struct stat;
| /* Most of the following tests are stolen from RCS 5.7's src/conf.sh.  */
| struct buf { int x; };
| FILE * (*rcsopen) (struct buf *, struct stat *, int);
| static char *e (p, i)
|      char **p;
|      int i;
| {
|   return p[i];
| }
| static char *f (char * (*g) (char **, int), char **p, ...)
| {
|   char *s;
|   va_list v;
|   va_start (v,p);
|   s = g (p, va_arg (v,int));
|   va_end (v);
|   return s;
| }
| 
| /* OSF 4.0 Compaq cc is some sort of almost-ANSI by default.  It has
|    function prototypes and stuff, but not '\xHH' hex character constants.
|    These don't provoke an error unfortunately, instead are silently treated
|    as 'x'.  The following induces an error, until -std is added to get
|    proper ANSI mode.  Curiously '\x00'!='x' always comes out true, for an
|    array size at least.  It's necessary to write '\x00'==0 to get something
|    that's true only with -std.  */
| int osf4_cc_array ['\x00' == 0 ? 1 : -1];
| 
| /* IBM C 6 for AIX is almost-ANSI by default, but it replaces macro parameters
|    inside strings and character constants.  */
| #define FOO(x) 'x'
| int xlc6_cc_array[FOO(a) == 'x' ? 1 : -1];
| 
| int test (int i, double x);
| struct s1 {int (*f) (int a);};
| struct s2 {int (*f) (double a);};
| int pairnames (int, char **, FILE *(*)(struct buf *, struct stat *, int), int, int);
| int argc;
| char **argv;
| int
| main ()
| {
| return f (e, argv, 0) != argv[0]  ||  f (e, argv, 1) != argv[1];
|   ;
|   return 0;
| }
configure:4430: gcc -qlanglvl=ansi -c -fpermisive   conftest.c >&5
gcc: error: unrecognized command line option '-qlanglvl=ansi'
gcc: error: unrecognized command line option '-fpermisive'
configure:4430: $? = 1
configure: failed program was:
| /* confdefs.h */
| #define PACKAGE_NAME "SickToolbox"
| #define PACKAGE_TARNAME "sicktoolbox"
| #define PACKAGE_VERSION "1.0.1"
| #define PACKAGE_STRING "SickToolbox 1.0.1"
| #define PACKAGE_BUGREPORT "derenick@lehigh.edu"
| #define PACKAGE_URL ""
| #define PACKAGE "sicktoolbox"
| #define VERSION "1.0.1"
| /* end confdefs.h.  */
| #include <stdarg.h>
| #include <stdio.h>
| struct stat;
| /* Most of the following tests are stolen from RCS 5.7's src/conf.sh.  */
| struct buf { int x; };
| FILE * (*rcsopen) (struct buf *, struct stat *, int);
| static char *e (p, i)
|      char **p;
|      int i;
| {
|   return p[i];
| }
| static char *f (char * (*g) (char **, int), char **p, ...)
| {
|   char *s;
|   va_list v;
|   va_start (v,p);
|   s = g (p, va_arg (v,int));
|   va_end (v);
|   return s;
| }
| 
| /* OSF 4.0 Compaq cc is some sort of almost-ANSI by default.  It has
|    function prototypes and stuff, but not '\xHH' hex character constants.
|    These don't provoke an error unfortunately, instead are silently treated
|    as 'x'.  The following induces an error, until -std is added to get
|    proper ANSI mode.  Curiously '\x00'!='x' always comes out true, for an
|    array size at least.  It's necessary to write '\x00'==0 to get something
|    that's true only with -std.  */
| int osf4_cc_array ['\x00' == 0 ? 1 : -1];
| 
| /* IBM C 6 for AIX is almost-ANSI by default, but it replaces macro parameters
|    inside strings and character constants.  */
| #define FOO(x) 'x'
| int xlc6_cc_array[FOO(a) == 'x' ? 1 : -1];
| 
| int test (int i, double x);
| struct s1 {int (*f) (int a);};
| struct s2 {int (*f) (double a);};
| int pairnames (int, char **, FILE *(*)(struct buf *, struct stat *, int), int, int);
| int argc;
| char **argv;
| int
| main ()
| {
| return f (e, argv, 0) != argv[0]  ||  f (e, argv, 1) != argv[1];
|   ;
|   return 0;
| }
configure:4430: gcc -std -c -fpermisive   conftest.c >&5
gcc: error: unrecognized command line option '-std'
gcc: error: unrecognized command line option '-fpermisive'
configure:4430: $? = 1
configure: failed program was:
| /* confdefs.h */
| #define PACKAGE_NAME "SickToolbox"
| #define PACKAGE_TARNAME "sicktoolbox"
| #define PACKAGE_VERSION "1.0.1"
| #define PACKAGE_STRING "SickToolbox 1.0.1"
| #define PACKAGE_BUGREPORT "derenick@lehigh.edu"
| #define PACKAGE_URL ""
| #define PACKAGE "sicktoolbox"
| #define VERSION "1.0.1"
| /* end confdefs.h.  */
| #include <stdarg.h>
| #include <stdio.h>
| struct stat;
| /* Most of the following tests are stolen from RCS 5.7's src/conf.sh.  */
| struct buf { int x; };
| FILE * (*rcsopen) (struct buf *, struct stat *, int);
| static char *e (p, i)
|      char **p;
|      int i;
| {
|   return p[i];
| }
| static char *f (char * (*g) (char **, int), char **p, ...)
| {
|   char *s;
|   va_list v;
|   va_start (v,p);
|   s = g (p, va_arg (v,int));
|   va_end (v);
|   return s;
| }
| 
| /* OSF 4.0 Compaq cc is some sort of almost-ANSI by default.  It has
|    function prototypes and stuff, but not '\xHH' hex character constants.
|    These don't provoke an error unfortunately, instead are silently treated
|    as 'x'.  The following induces an error, until -std is added to get
|    proper ANSI mode.  Curiously '\x00'!='x' always comes out true, for an
|    array size at least.  It's necessary to write '\x00'==0 to get something
|    that's true only with -std.  */
| int osf4_cc_array ['\x00' == 0 ? 1 : -1];
| 
| /* IBM C 6 for AIX is almost-ANSI by default, but it replaces macro parameters
|    inside strings and character constants.  */
| #define FOO(x) 'x'
| int xlc6_cc_array[FOO(a) == 'x' ? 1 : -1];
| 
| int test (int i, double x);
| struct s1 {int (*f) (int a);};
| struct s2 {int (*f) (double a);};
| int pairnames (int, char **, FILE *(*)(struct buf *, struct stat *, int), int, int);
| int argc;
| char **argv;
| int
| main ()
| {
| return f (e, argv, 0) != argv[0]  ||  f (e, argv, 1) != argv[1];
|   ;
|   return 0;
| }
configure:4430: gcc -Ae -c -fpermisive   conftest.c >&5
gcc: error: unrecognized command line option '-fpermisive'
configure:4430: $? = 1
configure: failed program was:
| /* confdefs.h */
| #define PACKAGE_NAME "SickToolbox"
| #define PACKAGE_TARNAME "sicktoolbox"
| #define PACKAGE_VERSION "1.0.1"
| #define PACKAGE_STRING "SickToolbox 1.0.1"
| #define PACKAGE_BUGREPORT "derenick@lehigh.edu"
| #define PACKAGE_URL ""
| #define PACKAGE "sicktoolbox"
| #define VERSION "1.0.1"
| /* end confdefs.h.  */
| #include <stdarg.h>
| #include <stdio.h>
| struct stat;
| /* Most of the following tests are stolen from RCS 5.7's src/conf.sh.  */
| struct buf { int x; };
| FILE * (*rcsopen) (struct buf *, struct stat *, int);
| static char *e (p, i)
|      char **p;
|      int i;
| {
|   return p[i];
| }
| static char *f (char * (*g) (char **, int), char **p, ...)
| {
|   char *s;
|   va_list v;
|   va_start (v,p);
|   s = g (p, va_arg (v,int));
|   va_end (v);
|   return s;
| }
| 
| /* OSF 4.0 Compaq cc is some sort of almost-ANSI by default.  It has
|    function prototypes and stuff, but not '\xHH' hex character constants.
|    These don't provoke an error unfortunately, instead are silently treated
|    as 'x'.  The following induces an error, until -std is added to get
|    proper ANSI mode.  Curiously '\x00'!='x' always comes out true, for an
|    array size at least.  It's necessary to write '\x00'==0 to get something
|    that's true only with -std.  */
| int osf4_cc_array ['\x00' == 0 ? 1 : -1];
| 
| /* IBM C 6 for AIX is almost-ANSI by default, but it replaces macro parameters
|    inside strings and character constants.  */
| #define FOO(x) 'x'
| int xlc6_cc_array[FOO(a) == 'x' ? 1 : -1];
| 
| int test (int i, double x);
| struct s1 {int (*f) (int a);};
| struct s2 {int (*f) (double a);};
| int pairnames (int, char **, FILE *(*)(struct buf *, struct stat *, int), int, int);
| int argc;
| char **argv;
| int
| main ()
| {
| return f (e, argv, 0) != argv[0]  ||  f (e, argv, 1) != argv[1];
|   ;
|   return 0;
| }
configure:4430: gcc -Aa -D_HPUX_SOURCE -c -fpermisive   conftest.c >&5
gcc: error: unrecognized command line option '-fpermisive'
configure:4430: $? = 1
configure: failed program was:
| /* confdefs.h */
| #define PACKAGE_NAME "SickToolbox"
| #define PACKAGE_TARNAME "sicktoolbox"
| #define PACKAGE_VERSION "1.0.1"
| #define PACKAGE_STRING "SickToolbox 1.0.1"
| #define PACKAGE_BUGREPORT "derenick@lehigh.edu"
| #define PACKAGE_URL ""
| #define PACKAGE "sicktoolbox"
| #define VERSION "1.0.1"
| /* end confdefs.h.  */
| #include <stdarg.h>
| #include <stdio.h>
| struct stat;
| /* Most of the following tests are stolen from RCS 5.7's src/conf.sh.  */
| struct buf { int x; };
| FILE * (*rcsopen) (struct buf *, struct stat *, int);
| static char *e (p, i)
|      char **p;
|      int i;
| {
|   return p[i];
| }
| static char *f (char * (*g) (char **, int), char **p, ...)
| {
|   char *s;
|   va_list v;
|   va_start (v,p);
|   s = g (p, va_arg (v,int));
|   va_end (v);
|   return s;
| }
| 
| /* OSF 4.0 Compaq cc is some sort of almost-ANSI by default.  It has
|    function prototypes and stuff, but not '\xHH' hex character constants.
|    These don't provoke an error unfortunately, instead are silently treated
|    as 'x'.  The following induces an error, until -std is added to get
|    proper ANSI mode.  Curiously '\x00'!='x' always comes out true, for an
|    array size at least.  It's necessary to write '\x00'==0 to get something
|    that's true only with -std.  */
| int osf4_cc_array ['\x00' == 0 ? 1 : -1];
| 
| /* IBM C 6 for AIX is almost-ANSI by default, but it replaces macro parameters
|    inside strings and character constants.  */
| #define FOO(x) 'x'
| int xlc6_cc_array[FOO(a) == 'x' ? 1 : -1];
| 
| int test (int i, double x);
| struct s1 {int (*f) (int a);};
| struct s2 {int (*f) (double a);};
| int pairnames (int, char **, FILE *(*)(struct buf *, struct stat *, int), int, int);
| int argc;
| char **argv;
| int
| main ()
| {
| return f (e, argv, 0) != argv[0]  ||  f (e, argv, 1) != argv[1];
|   ;
|   return 0;
| }
configure:4430: gcc -Xc -D__EXTENSIONS__ -c -fpermisive   conftest.c >&5
gcc: error: unrecognized command line option '-Xc'
gcc: error: unrecognized command line option '-fpermisive'
configure:4430: $? = 1
configure: failed program was:
| /* confdefs.h */
| #define PACKAGE_NAME "SickToolbox"
| #define PACKAGE_TARNAME "sicktoolbox"
| #define PACKAGE_VERSION "1.0.1"
| #define PACKAGE_STRING "SickToolbox 1.0.1"
| #define PACKAGE_BUGREPORT "derenick@lehigh.edu"
| #define PACKAGE_URL ""
| #define PACKAGE "sicktoolbox"
| #define VERSION "1.0.1"
| /* end confdefs.h.  */
| #include <stdarg.h>
| #include <stdio.h>
| struct stat;
| /* Most of the following tests are stolen from RCS 5.7's src/conf.sh.  */
| struct buf { int x; };
| FILE * (*rcsopen) (struct buf *, struct stat *, int);
| static char *e (p, i)
|      char **p;
|      int i;
| {
|   return p[i];
| }
| static char *f (char * (*g) (char **, int), char **p, ...)
| {
|   char *s;
|   va_list v;
|   va_start (v,p);
|   s = g (p, va_arg (v,int));
|   va_end (v);
|   return s;
| }
| 
| /* OSF 4.0 Compaq cc is some sort of almost-ANSI by default.  It has
|    function prototypes and stuff, but not '\xHH' hex character constants.
|    These don't provoke an error unfortunately, instead are silently treated
|    as 'x'.  The following induces an error, until -std is added to get
|    proper ANSI mode.  Curiously '\x00'!='x' always comes out true, for an
|    array size at least.  It's necessary to write '\x00'==0 to get something
|    that's true only with -std.  */
| int osf4_cc_array ['\x00' == 0 ? 1 : -1];
| 
| /* IBM C 6 for AIX is almost-ANSI by default, but it replaces macro parameters
|    inside strings and character constants.  */
| #define FOO(x) 'x'
| int xlc6_cc_array[FOO(a) == 'x' ? 1 : -1];
| 
| int test (int i, double x);
| struct s1 {int (*f) (int a);};
| struct s2 {int (*f) (double a);};
| int pairnames (int, char **, FILE *(*)(struct buf *, struct stat *, int), int, int);
| int argc;
| char **argv;
| int
| main ()
| {
| return f (e, argv, 0) != argv[0]  ||  f (e, argv, 1) != argv[1];
|   ;
|   return 0;
| }
configure:4446: result: unsupported
configure:4468: checking whether gcc understands -c and -o together
configure:4490: gcc -c conftest.c -o conftest2.o
configure:4493: $? = 0
configure:4490: gcc -c conftest.c -o conftest2.o
configure:4493: $? = 0
configure:4505: result: yes
configure:4524: checking dependency style of gcc
configure:4635: result: gcc3
configure:4655: checking how to run the C preprocessor
configure:4686: gcc -E  conftest.c
configure:4686: $? = 0
configure:4700: gcc -E  conftest.c
conftest.c:11:28: fatal error: ac_nonexistent.h: No such file or directory
 #include <ac_nonexistent.h>
                            ^
compilation terminated.
configure:4700: $? = 1
configure: failed program was:
| /* confdefs.h */
| #define PACKAGE_NAME "SickToolbox"
| #define PACKAGE_TARNAME "sicktoolbox"
| #define PACKAGE_VERSION "1.0.1"
| #define PACKAGE_STRING "SickToolbox 1.0.1"
| #define PACKAGE_BUGREPORT "derenick@lehigh.edu"
| #define PACKAGE_URL ""
| #define PACKAGE "sicktoolbox"
| #define VERSION "1.0.1"
| /* end confdefs.h.  */
| #include <ac_nonexistent.h>
configure:4725: result: gcc -E
configure:4745: gcc -E  conftest.c
configure:4745: $? = 0
configure:4759: gcc -E  conftest.c
conftest.c:11:28: fatal error: ac_nonexistent.h: No such file or directory
 #include <ac_nonexistent.h>
                            ^
compilation terminated.
configure:4759: $? = 1
configure: failed program was:
| /* confdefs.h */
| #define PACKAGE_NAME "SickToolbox"
| #define PACKAGE_TARNAME "sicktoolbox"
| #define PACKAGE_VERSION "1.0.1"
| #define PACKAGE_STRING "SickToolbox 1.0.1"
| #define PACKAGE_BUGREPORT "derenick@lehigh.edu"
| #define PACKAGE_URL ""
| #define PACKAGE "sicktoolbox"
| #define VERSION "1.0.1"
| /* end confdefs.h.  */
| #include <ac_nonexistent.h>
configure:4788: checking whether ln -s works
configure:4792: result: yes
configure:4799: checking whether make sets $(MAKE)
configure:4821: result: yes
configure:4859: checking build system type
configure:4873: result: i686-pc-linux-gnu
configure:4893: checking host system type
configure:4906: result: i686-pc-linux-gnu
configure:4947: checking how to print strings
configure:4974: result: printf
configure:4995: checking for a sed that does not truncate output
configure:5059: result: /bin/sed
configure:5077: checking for grep that handles long lines and -e
configure:5135: result: /bin/grep
configure:5140: checking for egrep
configure:5202: result: /bin/grep -E
configure:5207: checking for fgrep
configure:5269: result: /bin/grep -F
configure:5337: checking for non-GNU ld
configure:5371: result: /usr/bin/ld
configure:5378: checking if the linker (/usr/bin/ld) is GNU ld
configure:5393: result: yes
configure:5405: checking for BSD- or MS-compatible name lister (nm)
configure:5454: result: /usr/bin/nm -B
configure:5584: checking the name lister (/usr/bin/nm -B) interface
configure:5591: gcc -c -fpermisive   conftest.c >&5
gcc: error: unrecognized command line option '-fpermisive'
configure:5594: /usr/bin/nm -B "conftest.o"
/usr/bin/nm: 'conftest.o': No such file
configure:5597: output
configure:5604: result: BSD nm
configure:5608: checking the maximum length of command line arguments
configure:5739: result: 1572864
configure:5756: checking whether the shell understands some XSI constructs
configure:5766: result: yes
configure:5770: checking whether the shell understands "+="
configure:5776: result: yes
configure:5811: checking how to convert i686-pc-linux-gnu file names to i686-pc-linux-gnu format
configure:5851: result: func_convert_file_noop
configure:5858: checking how to convert i686-pc-linux-gnu file names to toolchain format
configure:5878: result: func_convert_file_noop
configure:5885: checking for /usr/bin/ld option to reload object files
configure:5892: result: -r
configure:5966: checking for objdump
configure:5982: found /usr/bin/objdump
configure:5993: result: objdump
configure:6025: checking how to recognize dependent libraries
configure:6223: result: pass_all
configure:6308: checking for dlltool
configure:6338: result: no
configure:6368: checking how to associate runtime and link libraries
configure:6395: result: printf %s\n
configure:6456: checking for ar
configure:6472: found /usr/bin/ar
configure:6483: result: ar
configure:6520: checking for archiver @FILE support
configure:6537: gcc -c -fpermisive   conftest.c >&5
gcc: error: unrecognized command line option '-fpermisive'
configure:6537: $? = 1
configure: failed program was:
| /* confdefs.h */
| #define PACKAGE_NAME "SickToolbox"
| #define PACKAGE_TARNAME "sicktoolbox"
| #define PACKAGE_VERSION "1.0.1"
| #define PACKAGE_STRING "SickToolbox 1.0.1"
| #define PACKAGE_BUGREPORT "derenick@lehigh.edu"
| #define PACKAGE_URL ""
| #define PACKAGE "sicktoolbox"
| #define VERSION "1.0.1"
| /* end confdefs.h.  */
| 
| int
| main ()
| {
| 
|   ;
|   return 0;
| }
configure:6563: result: no
configure:6621: checking for strip
configure:6637: found /usr/bin/strip
configure:6648: result: strip
configure:6720: checking for ranlib
configure:6736: found /usr/bin/ranlib
configure:6747: result: ranlib
configure:6849: checking command to parse /usr/bin/nm -B output from gcc object
configure:6969: gcc -c -fpermisive   conftest.c >&5
gcc: error: unrecognized command line option '-fpermisive'
configure:6972: $? = 1
: failed program was:
#ifdef __cplusplus
extern "C" {
#endif
char nm_test_var;
void nm_test_func(void);
void nm_test_func(void){}
#ifdef __cplusplus
}
#endif
int main(){nm_test_var='a';nm_test_func();return(0);}
configure:6969: gcc -c -fpermisive   conftest.c >&5
gcc: error: unrecognized command line option '-fpermisive'
configure:6972: $? = 1
: failed program was:
#ifdef __cplusplus
extern "C" {
#endif
char nm_test_var;
void nm_test_func(void);
void nm_test_func(void){}
#ifdef __cplusplus
}
#endif
int main(){nm_test_var='a';nm_test_func();return(0);}
configure:7083: result: failed
configure:7123: checking for sysroot
configure:7153: result: no
configure:7422: checking for mt
configure:7438: found /bin/mt
configure:7449: result: mt
configure:7472: checking if mt is a manifest tool
configure:7478: mt '-?'
configure:7486: result: no
configure:8124: checking for ANSI C header files
configure:8144: gcc -c -fpermisive   conftest.c >&5
gcc: error: unrecognized command line option '-fpermisive'
configure:8144: $? = 1
configure: failed program was:
| /* confdefs.h */
| #define PACKAGE_NAME "SickToolbox"
| #define PACKAGE_TARNAME "sicktoolbox"
| #define PACKAGE_VERSION "1.0.1"
| #define PACKAGE_STRING "SickToolbox 1.0.1"
| #define PACKAGE_BUGREPORT "derenick@lehigh.edu"
| #define PACKAGE_URL ""
| #define PACKAGE "sicktoolbox"
| #define VERSION "1.0.1"
| /* end confdefs.h.  */
| #include <stdlib.h>
| #include <stdarg.h>
| #include <string.h>
| #include <float.h>
| 
| int
| main ()
| {
| 
|   ;
|   return 0;
| }
configure:8228: result: no
configure:8241: checking for sys/types.h
configure:8241: gcc -c -fpermisive   conftest.c >&5
gcc: error: unrecognized command line option '-fpermisive'
configure:8241: $? = 1
configure: failed program was:
| /* confdefs.h */
| #define PACKAGE_NAME "SickToolbox"
| #define PACKAGE_TARNAME "sicktoolbox"
| #define PACKAGE_VERSION "1.0.1"
| #define PACKAGE_STRING "SickToolbox 1.0.1"
| #define PACKAGE_BUGREPORT "derenick@lehigh.edu"
| #define PACKAGE_URL ""
| #define PACKAGE "sicktoolbox"
| #define VERSION "1.0.1"
| /* end confdefs.h.  */
| #include <stdio.h>
| #ifdef HAVE_SYS_TYPES_H
| # include <sys/types.h>
| #endif
| #ifdef HAVE_SYS_STAT_H
| # include <sys/stat.h>
| #endif
| #ifdef STDC_HEADERS
| # include <stdlib.h>
| # include <stddef.h>
| #else
| # ifdef HAVE_STDLIB_H
| #  include <stdlib.h>
| # endif
| #endif
| #ifdef HAVE_STRING_H
| # if !defined STDC_HEADERS && defined HAVE_MEMORY_H
| #  include <memory.h>
| # endif
| # include <string.h>
| #endif
| #ifdef HAVE_STRINGS_H
| # include <strings.h>
| #endif
| #ifdef HAVE_INTTYPES_H
| # include <inttypes.h>
| #endif
| #ifdef HAVE_STDINT_H
| # include <stdint.h>
| #endif
| #ifdef HAVE_UNISTD_H
| # include <unistd.h>
| #endif
| 
| #include <sys/types.h>
configure:8241: result: no
configure:8241: checking for sys/stat.h
configure:8241: gcc -c -fpermisive   conftest.c >&5
gcc: error: unrecognized command line option '-fpermisive'
configure:8241: $? = 1
configure: failed program was:
| /* confdefs.h */
| #define PACKAGE_NAME "SickToolbox"
| #define PACKAGE_TARNAME "sicktoolbox"
| #define PACKAGE_VERSION "1.0.1"
| #define PACKAGE_STRING "SickToolbox 1.0.1"
| #define PACKAGE_BUGREPORT "derenick@lehigh.edu"
| #define PACKAGE_URL ""
| #define PACKAGE "sicktoolbox"
| #define VERSION "1.0.1"
| /* end confdefs.h.  */
| #include <stdio.h>
| #ifdef HAVE_SYS_TYPES_H
| # include <sys/types.h>
| #endif
| #ifdef HAVE_SYS_STAT_H
| # include <sys/stat.h>
| #endif
| #ifdef STDC_HEADERS
| # include <stdlib.h>
| # include <stddef.h>
| #else
| # ifdef HAVE_STDLIB_H
| #  include <stdlib.h>
| # endif
| #endif
| #ifdef HAVE_STRING_H
| # if !defined STDC_HEADERS && defined HAVE_MEMORY_H
| #  include <memory.h>
| # endif
| # include <string.h>
| #endif
| #ifdef HAVE_STRINGS_H
| # include <strings.h>
| #endif
| #ifdef HAVE_INTTYPES_H
| # include <inttypes.h>
| #endif
| #ifdef HAVE_STDINT_H
| # include <stdint.h>
| #endif
| #ifdef HAVE_UNISTD_H
| # include <unistd.h>
| #endif
| 
| #include <sys/stat.h>
configure:8241: result: no
configure:8241: checking for stdlib.h
configure:8241: gcc -c -fpermisive   conftest.c >&5
gcc: error: unrecognized command line option '-fpermisive'
configure:8241: $? = 1
configure: failed program was:
| /* confdefs.h */
| #define PACKAGE_NAME "SickToolbox"
| #define PACKAGE_TARNAME "sicktoolbox"
| #define PACKAGE_VERSION "1.0.1"
| #define PACKAGE_STRING "SickToolbox 1.0.1"
| #define PACKAGE_BUGREPORT "derenick@lehigh.edu"
| #define PACKAGE_URL ""
| #define PACKAGE "sicktoolbox"
| #define VERSION "1.0.1"
| /* end confdefs.h.  */
| #include <stdio.h>
| #ifdef HAVE_SYS_TYPES_H
| # include <sys/types.h>
| #endif
| #ifdef HAVE_SYS_STAT_H
| # include <sys/stat.h>
| #endif
| #ifdef STDC_HEADERS
| # include <stdlib.h>
| # include <stddef.h>
| #else
| # ifdef HAVE_STDLIB_H
| #  include <stdlib.h>
| # endif
| #endif
| #ifdef HAVE_STRING_H
| # if !defined STDC_HEADERS && defined HAVE_MEMORY_H
| #  include <memory.h>
| # endif
| # include <string.h>
| #endif
| #ifdef HAVE_STRINGS_H
| # include <strings.h>
| #endif
| #ifdef HAVE_INTTYPES_H
| # include <inttypes.h>
| #endif
| #ifdef HAVE_STDINT_H
| # include <stdint.h>
| #endif
| #ifdef HAVE_UNISTD_H
| # include <unistd.h>
| #endif
| 
| #include <stdlib.h>
configure:8241: result: no
configure:8241: checking for string.h
configure:8241: gcc -c -fpermisive   conftest.c >&5
gcc: error: unrecognized command line option '-fpermisive'
configure:8241: $? = 1
configure: failed program was:
| /* confdefs.h */
| #define PACKAGE_NAME "SickToolbox"
| #define PACKAGE_TARNAME "sicktoolbox"
| #define PACKAGE_VERSION "1.0.1"
| #define PACKAGE_STRING "SickToolbox 1.0.1"
| #define PACKAGE_BUGREPORT "derenick@lehigh.edu"
| #define PACKAGE_URL ""
| #define PACKAGE "sicktoolbox"
| #define VERSION "1.0.1"
| /* end confdefs.h.  */
| #include <stdio.h>
| #ifdef HAVE_SYS_TYPES_H
| # include <sys/types.h>
| #endif
| #ifdef HAVE_SYS_STAT_H
| # include <sys/stat.h>
| #endif
| #ifdef STDC_HEADERS
| # include <stdlib.h>
| # include <stddef.h>
| #else
| # ifdef HAVE_STDLIB_H
| #  include <stdlib.h>
| # endif
| #endif
| #ifdef HAVE_STRING_H
| # if !defined STDC_HEADERS && defined HAVE_MEMORY_H
| #  include <memory.h>
| # endif
| # include <string.h>
| #endif
| #ifdef HAVE_STRINGS_H
| # include <strings.h>
| #endif
| #ifdef HAVE_INTTYPES_H
| # include <inttypes.h>
| #endif
| #ifdef HAVE_STDINT_H
| # include <stdint.h>
| #endif
| #ifdef HAVE_UNISTD_H
| # include <unistd.h>
| #endif
| 
| #include <string.h>
configure:8241: result: no
configure:8241: checking for memory.h
configure:8241: gcc -c -fpermisive   conftest.c >&5
gcc: error: unrecognized command line option '-fpermisive'
configure:8241: $? = 1
configure: failed program was:
| /* confdefs.h */
| #define PACKAGE_NAME "SickToolbox"
| #define PACKAGE_TARNAME "sicktoolbox"
| #define PACKAGE_VERSION "1.0.1"
| #define PACKAGE_STRING "SickToolbox 1.0.1"
| #define PACKAGE_BUGREPORT "derenick@lehigh.edu"
| #define PACKAGE_URL ""
| #define PACKAGE "sicktoolbox"
| #define VERSION "1.0.1"
| /* end confdefs.h.  */
| #include <stdio.h>
| #ifdef HAVE_SYS_TYPES_H
| # include <sys/types.h>
| #endif
| #ifdef HAVE_SYS_STAT_H
| # include <sys/stat.h>
| #endif
| #ifdef STDC_HEADERS
| # include <stdlib.h>
| # include <stddef.h>
| #else
| # ifdef HAVE_STDLIB_H
| #  include <stdlib.h>
| # endif
| #endif
| #ifdef HAVE_STRING_H
| # if !defined STDC_HEADERS && defined HAVE_MEMORY_H
| #  include <memory.h>
| # endif
| # include <string.h>
| #endif
| #ifdef HAVE_STRINGS_H
| # include <strings.h>
| #endif
| #ifdef HAVE_INTTYPES_H
| # include <inttypes.h>
| #endif
| #ifdef HAVE_STDINT_H
| # include <stdint.h>
| #endif
| #ifdef HAVE_UNISTD_H
| # include <unistd.h>
| #endif
| 
| #include <memory.h>
configure:8241: result: no
configure:8241: checking for strings.h
configure:8241: gcc -c -fpermisive   conftest.c >&5
gcc: error: unrecognized command line option '-fpermisive'
configure:8241: $? = 1
configure: failed program was:
| /* confdefs.h */
| #define PACKAGE_NAME "SickToolbox"
| #define PACKAGE_TARNAME "sicktoolbox"
| #define PACKAGE_VERSION "1.0.1"
| #define PACKAGE_STRING "SickToolbox 1.0.1"
| #define PACKAGE_BUGREPORT "derenick@lehigh.edu"
| #define PACKAGE_URL ""
| #define PACKAGE "sicktoolbox"
| #define VERSION "1.0.1"
| /* end confdefs.h.  */
| #include <stdio.h>
| #ifdef HAVE_SYS_TYPES_H
| # include <sys/types.h>
| #endif
| #ifdef HAVE_SYS_STAT_H
| # include <sys/stat.h>
| #endif
| #ifdef STDC_HEADERS
| # include <stdlib.h>
| # include <stddef.h>
| #else
| # ifdef HAVE_STDLIB_H
| #  include <stdlib.h>
| # endif
| #endif
| #ifdef HAVE_STRING_H
| # if !defined STDC_HEADERS && defined HAVE_MEMORY_H
| #  include <memory.h>
| # endif
| # include <string.h>
| #endif
| #ifdef HAVE_STRINGS_H
| # include <strings.h>
| #endif
| #ifdef HAVE_INTTYPES_H
| # include <inttypes.h>
| #endif
| #ifdef HAVE_STDINT_H
| # include <stdint.h>
| #endif
| #ifdef HAVE_UNISTD_H
| # include <unistd.h>
| #endif
| 
| #include <strings.h>
configure:8241: result: no
configure:8241: checking for inttypes.h
configure:8241: gcc -c -fpermisive   conftest.c >&5
gcc: error: unrecognized command line option '-fpermisive'
configure:8241: $? = 1
configure: failed program was:
| /* confdefs.h */
| #define PACKAGE_NAME "SickToolbox"
| #define PACKAGE_TARNAME "sicktoolbox"
| #define PACKAGE_VERSION "1.0.1"
| #define PACKAGE_STRING "SickToolbox 1.0.1"
| #define PACKAGE_BUGREPORT "derenick@lehigh.edu"
| #define PACKAGE_URL ""
| #define PACKAGE "sicktoolbox"
| #define VERSION "1.0.1"
| /* end confdefs.h.  */
| #include <stdio.h>
| #ifdef HAVE_SYS_TYPES_H
| # include <sys/types.h>
| #endif
| #ifdef HAVE_SYS_STAT_H
| # include <sys/stat.h>
| #endif
| #ifdef STDC_HEADERS
| # include <stdlib.h>
| # include <stddef.h>
| #else
| # ifdef HAVE_STDLIB_H
| #  include <stdlib.h>
| # endif
| #endif
| #ifdef HAVE_STRING_H
| # if !defined STDC_HEADERS && defined HAVE_MEMORY_H
| #  include <memory.h>
| # endif
| # include <string.h>
| #endif
| #ifdef HAVE_STRINGS_H
| # include <strings.h>
| #endif
| #ifdef HAVE_INTTYPES_H
| # include <inttypes.h>
| #endif
| #ifdef HAVE_STDINT_H
| # include <stdint.h>
| #endif
| #ifdef HAVE_UNISTD_H
| # include <unistd.h>
| #endif
| 
| #include <inttypes.h>
configure:8241: result: no
configure:8241: checking for stdint.h
configure:8241: gcc -c -fpermisive   conftest.c >&5
gcc: error: unrecognized command line option '-fpermisive'
configure:8241: $? = 1
configure: failed program was:
| /* confdefs.h */
| #define PACKAGE_NAME "SickToolbox"
| #define PACKAGE_TARNAME "sicktoolbox"
| #define PACKAGE_VERSION "1.0.1"
| #define PACKAGE_STRING "SickToolbox 1.0.1"
| #define PACKAGE_BUGREPORT "derenick@lehigh.edu"
| #define PACKAGE_URL ""
| #define PACKAGE "sicktoolbox"
| #define VERSION "1.0.1"
| /* end confdefs.h.  */
| #include <stdio.h>
| #ifdef HAVE_SYS_TYPES_H
| # include <sys/types.h>
| #endif
| #ifdef HAVE_SYS_STAT_H
| # include <sys/stat.h>
| #endif
| #ifdef STDC_HEADERS
| # include <stdlib.h>
| # include <stddef.h>
| #else
| # ifdef HAVE_STDLIB_H
| #  include <stdlib.h>
| # endif
| #endif
| #ifdef HAVE_STRING_H
| # if !defined STDC_HEADERS && defined HAVE_MEMORY_H
| #  include <memory.h>
| # endif
| # include <string.h>
| #endif
| #ifdef HAVE_STRINGS_H
| # include <strings.h>
| #endif
| #ifdef HAVE_INTTYPES_H
| # include <inttypes.h>
| #endif
| #ifdef HAVE_STDINT_H
| # include <stdint.h>
| #endif
| #ifdef HAVE_UNISTD_H
| # include <unistd.h>
| #endif
| 
| #include <stdint.h>
configure:8241: result: no
configure:8241: checking for unistd.h
configure:8241: gcc -c -fpermisive   conftest.c >&5
gcc: error: unrecognized command line option '-fpermisive'
configure:8241: $? = 1
configure: failed program was:
| /* confdefs.h */
| #define PACKAGE_NAME "SickToolbox"
| #define PACKAGE_TARNAME "sicktoolbox"
| #define PACKAGE_VERSION "1.0.1"
| #define PACKAGE_STRING "SickToolbox 1.0.1"
| #define PACKAGE_BUGREPORT "derenick@lehigh.edu"
| #define PACKAGE_URL ""
| #define PACKAGE "sicktoolbox"
| #define VERSION "1.0.1"
| /* end confdefs.h.  */
| #include <stdio.h>
| #ifdef HAVE_SYS_TYPES_H
| # include <sys/types.h>
| #endif
| #ifdef HAVE_SYS_STAT_H
| # include <sys/stat.h>
| #endif
| #ifdef STDC_HEADERS
| # include <stdlib.h>
| # include <stddef.h>
| #else
| # ifdef HAVE_STDLIB_H
| #  include <stdlib.h>
| # endif
| #endif
| #ifdef HAVE_STRING_H
| # if !defined STDC_HEADERS && defined HAVE_MEMORY_H
| #  include <memory.h>
| # endif
| # include <string.h>
| #endif
| #ifdef HAVE_STRINGS_H
| # include <strings.h>
| #endif
| #ifdef HAVE_INTTYPES_H
| # include <inttypes.h>
| #endif
| #ifdef HAVE_STDINT_H
| # include <stdint.h>
| #endif
| #ifdef HAVE_UNISTD_H
| # include <unistd.h>
| #endif
| 
| #include <unistd.h>
configure:8241: result: no
configure:8255: checking for dlfcn.h
configure:8255: gcc -c -fpermisive   conftest.c >&5
gcc: error: unrecognized command line option '-fpermisive'
configure:8255: $? = 1
configure: failed program was:
| /* confdefs.h */
| #define PACKAGE_NAME "SickToolbox"
| #define PACKAGE_TARNAME "sicktoolbox"
| #define PACKAGE_VERSION "1.0.1"
| #define PACKAGE_STRING "SickToolbox 1.0.1"
| #define PACKAGE_BUGREPORT "derenick@lehigh.edu"
| #define PACKAGE_URL ""
| #define PACKAGE "sicktoolbox"
| #define VERSION "1.0.1"
| /* end confdefs.h.  */
| #include <stdio.h>
| #ifdef HAVE_SYS_TYPES_H
| # include <sys/types.h>
| #endif
| #ifdef HAVE_SYS_STAT_H
| # include <sys/stat.h>
| #endif
| #ifdef STDC_HEADERS
| # include <stdlib.h>
| # include <stddef.h>
| #else
| # ifdef HAVE_STDLIB_H
| #  include <stdlib.h>
| # endif
| #endif
| #ifdef HAVE_STRING_H
| # if !defined STDC_HEADERS && defined HAVE_MEMORY_H
| #  include <memory.h>
| # endif
| # include <string.h>
| #endif
| #ifdef HAVE_STRINGS_H
| # include <strings.h>
| #endif
| #ifdef HAVE_INTTYPES_H
| # include <inttypes.h>
| #endif
| #ifdef HAVE_STDINT_H
| # include <stdint.h>
| #endif
| #ifdef HAVE_UNISTD_H
| # include <unistd.h>
| #endif
| 
| #include <dlfcn.h>
configure:8255: result: no
configure:8472: checking for objdir
configure:8487: result: .libs
configure:9120: checking for gcc option to produce PIC
configure:9127: result:  -DPIC
configure:9135: checking if gcc PIC flag  -DPIC works
configure:9153: gcc -c -fpermisive    -DPIC -DPIC conftest.c >&5
gcc: error: unrecognized command line option '-fpermisive'
configure:9157: $? = 1
configure:9170: result: no
configure:9199: checking if gcc static flag  works
configure:9227: result: no
configure:9242: checking if gcc supports -c -o file.o
configure:9263: gcc -c -fpermisive   -o out/conftest2.o conftest.c >&5
gcc: error: unrecognized command line option '-fpermisive'
configure:9267: $? = 1
configure:9289: result: no
configure:9297: checking if gcc supports -c -o file.o
configure:9344: result: no
configure:9353: checking if we can lock with hard links
configure:9361: result: yes
configure:9377: checking whether the gcc linker (/usr/bin/ld) supports shared libraries
configure:10534: result: yes
configure:10774: checking dynamic linker characteristics
configure:11274: gcc -o conftest -fpermisive    -rpath /foo conftest.c  >&5
gcc: error: /foo: No such file or directory
gcc: error: unrecognized command line option '-fpermisive'
gcc: error: unrecognized command line option '-rpath'
configure:11274: $? = 1
configure: failed program was:
| /* confdefs.h */
| #define PACKAGE_NAME "SickToolbox"
| #define PACKAGE_TARNAME "sicktoolbox"
| #define PACKAGE_VERSION "1.0.1"
| #define PACKAGE_STRING "SickToolbox 1.0.1"
| #define PACKAGE_BUGREPORT "derenick@lehigh.edu"
| #define PACKAGE_URL ""
| #define PACKAGE "sicktoolbox"
| #define VERSION "1.0.1"
| #define LT_OBJDIR ".libs/"
| /* end confdefs.h.  */
| 
| int
| main ()
| {
| 
|   ;
|   return 0;
| }
configure:11508: result: GNU/Linux ld.so
configure:11615: checking how to hardcode library paths into programs
configure:11640: result: immediate
configure:12180: checking whether stripping libraries is possible
configure:12185: result: yes
configure:12220: checking if libtool supports shared libraries
configure:12222: result: yes
configure:12225: checking whether to build shared libraries
configure:12246: result: yes
configure:12249: checking whether to build static libraries
configure:12253: result: yes
configure:12276: checking how to run the C++ preprocessor
configure:12303: g++ -E  conftest.cpp
configure:12303: $? = 0
configure:12317: g++ -E  conftest.cpp
conftest.cpp:12:28: fatal error: ac_nonexistent.h: No such file or directory
 #include <ac_nonexistent.h>
                            ^
compilation terminated.
configure:12317: $? = 1
configure: failed program was:
| /* confdefs.h */
| #define PACKAGE_NAME "SickToolbox"
| #define PACKAGE_TARNAME "sicktoolbox"
| #define PACKAGE_VERSION "1.0.1"
| #define PACKAGE_STRING "SickToolbox 1.0.1"
| #define PACKAGE_BUGREPORT "derenick@lehigh.edu"
| #define PACKAGE_URL ""
| #define PACKAGE "sicktoolbox"
| #define VERSION "1.0.1"
| #define LT_OBJDIR ".libs/"
| /* end confdefs.h.  */
| #include <ac_nonexistent.h>
configure:12342: result: g++ -E
configure:12362: g++ -E  conftest.cpp
configure:12362: $? = 0
configure:12376: g++ -E  conftest.cpp
conftest.cpp:12:28: fatal error: ac_nonexistent.h: No such file or directory
 #include <ac_nonexistent.h>
                            ^
compilation terminated.
configure:12376: $? = 1
configure: failed program was:
| /* confdefs.h */
| #define PACKAGE_NAME "SickToolbox"
| #define PACKAGE_TARNAME "sicktoolbox"
| #define PACKAGE_VERSION "1.0.1"
| #define PACKAGE_STRING "SickToolbox 1.0.1"
| #define PACKAGE_BUGREPORT "derenick@lehigh.edu"
| #define PACKAGE_URL ""
| #define PACKAGE "sicktoolbox"
| #define VERSION "1.0.1"
| #define LT_OBJDIR ".libs/"
| /* end confdefs.h.  */
| #include <ac_nonexistent.h>
configure:12545: checking for ld used by g++
configure:12612: result: /usr/bin/ld
configure:12619: checking if the linker (/usr/bin/ld) is GNU ld
configure:12634: result: yes
configure:12689: checking whether the g++ linker (/usr/bin/ld) supports shared libraries
configure:13691: result: yes
configure:13727: g++ -c -g -O2  conftest.cpp >&5
configure:13730: $? = 0
configure:14250: checking for g++ option to produce PIC
configure:14257: result: -fPIC -DPIC
configure:14265: checking if g++ PIC flag -fPIC -DPIC works
configure:14283: g++ -c -g -O2  -fPIC -DPIC -DPIC conftest.cpp >&5
configure:14287: $? = 0
configure:14300: result: yes
configure:14323: checking if g++ static flag -static works
configure:14351: result: yes
configure:14363: checking if g++ supports -c -o file.o
configure:14384: g++ -c -g -O2  -o out/conftest2.o conftest.cpp >&5
configure:14388: $? = 0
configure:14410: result: yes
configure:14415: checking if g++ supports -c -o file.o
configure:14462: result: yes
configure:14492: checking whether the g++ linker (/usr/bin/ld) supports shared libraries
configure:14531: result: yes
configure:14672: checking dynamic linker characteristics
configure:15340: result: GNU/Linux ld.so
configure:15393: checking how to hardcode library paths into programs
configure:15418: result: immediate
configure:15484: checking for gnuplot
configure:15512: result: no
configure:15525: WARNING: *** gnuplot not found, some examples will not be built.
configure:15649: checking for doxygen
configure:15667: found /usr/bin/doxygen
configure:15679: result: /usr/bin/doxygen
configure:15755: checking for perl
configure:15773: found /usr/bin/perl
configure:15785: result: /usr/bin/perl
configure:15928: checking for dot
configure:15946: found /usr/bin/dot
configure:15958: result: /usr/bin/dot
configure:17124: checking for pdflatex
configure:17142: found /usr/bin/pdflatex
configure:17154: result: /usr/bin/pdflatex
configure:17230: checking for makeindex
configure:17248: found /usr/bin/makeindex
configure:17260: result: /usr/bin/makeindex
configure:17336: checking for egrep
configure:17354: found /bin/egrep
configure:17366: result: /bin/egrep
configure:17644: checking for the pthreads library -lpthreads
configure:17677: gcc -o conftest -fpermisive     conftest.c -lpthreads  >&5
gcc: error: unrecognized command line option '-fpermisive'
configure:17677: $? = 1
configure: failed program was:
| /* confdefs.h */
| #define PACKAGE_NAME "SickToolbox"
| #define PACKAGE_TARNAME "sicktoolbox"
| #define PACKAGE_VERSION "1.0.1"
| #define PACKAGE_STRING "SickToolbox 1.0.1"
| #define PACKAGE_BUGREPORT "derenick@lehigh.edu"
| #define PACKAGE_URL ""
| #define PACKAGE "sicktoolbox"
| #define VERSION "1.0.1"
| #define LT_OBJDIR ".libs/"
| /* end confdefs.h.  */
| #include <pthread.h>
| int
| main ()
| {
| pthread_t th; pthread_join(th, 0);
|                      pthread_attr_init(0); pthread_cleanup_push(0, 0);
|                      pthread_create(0,0,0,0); pthread_cleanup_pop(0);
|   ;
|   return 0;
| }
configure:17686: result: no
configure:17589: checking whether pthreads work without any flags
configure:17677: gcc -o conftest -fpermisive     conftest.c   >&5
gcc: error: unrecognized command line option '-fpermisive'
configure:17677: $? = 1
configure: failed program was:
| /* confdefs.h */
| #define PACKAGE_NAME "SickToolbox"
| #define PACKAGE_TARNAME "sicktoolbox"
| #define PACKAGE_VERSION "1.0.1"
| #define PACKAGE_STRING "SickToolbox 1.0.1"
| #define PACKAGE_BUGREPORT "derenick@lehigh.edu"
| #define PACKAGE_URL ""
| #define PACKAGE "sicktoolbox"
| #define VERSION "1.0.1"
| #define LT_OBJDIR ".libs/"
| /* end confdefs.h.  */
| #include <pthread.h>
| int
| main ()
| {
| pthread_t th; pthread_join(th, 0);
|                      pthread_attr_init(0); pthread_cleanup_push(0, 0);
|                      pthread_create(0,0,0,0); pthread_cleanup_pop(0);
|   ;
|   return 0;
| }
configure:17686: result: no
configure:17594: checking whether pthreads work with -Kthread
configure:17677: gcc -o conftest -fpermisive  -Kthread   conftest.c   >&5
gcc: error: unrecognized command line option '-fpermisive'
gcc: error: unrecognized command line option '-Kthread'
configure:17677: $? = 1
configure: failed program was:
| /* confdefs.h */
| #define PACKAGE_NAME "SickToolbox"
| #define PACKAGE_TARNAME "sicktoolbox"
| #define PACKAGE_VERSION "1.0.1"
| #define PACKAGE_STRING "SickToolbox 1.0.1"
| #define PACKAGE_BUGREPORT "derenick@lehigh.edu"
| #define PACKAGE_URL ""
| #define PACKAGE "sicktoolbox"
| #define VERSION "1.0.1"
| #define LT_OBJDIR ".libs/"
| /* end confdefs.h.  */
| #include <pthread.h>
| int
| main ()
| {
| pthread_t th; pthread_join(th, 0);
|                      pthread_attr_init(0); pthread_cleanup_push(0, 0);
|                      pthread_create(0,0,0,0); pthread_cleanup_pop(0);
|   ;
|   return 0;
| }
configure:17686: result: no
configure:17594: checking whether pthreads work with -kthread
configure:17677: gcc -o conftest -fpermisive  -kthread   conftest.c   >&5
gcc: error: unrecognized command line option '-fpermisive'
gcc: error: unrecognized command line option '-kthread'
configure:17677: $? = 1
configure: failed program was:
| /* confdefs.h */
| #define PACKAGE_NAME "SickToolbox"
| #define PACKAGE_TARNAME "sicktoolbox"
| #define PACKAGE_VERSION "1.0.1"
| #define PACKAGE_STRING "SickToolbox 1.0.1"
| #define PACKAGE_BUGREPORT "derenick@lehigh.edu"
| #define PACKAGE_URL ""
| #define PACKAGE "sicktoolbox"
| #define VERSION "1.0.1"
| #define LT_OBJDIR ".libs/"
| /* end confdefs.h.  */
| #include <pthread.h>
| int
| main ()
| {
| pthread_t th; pthread_join(th, 0);
|                      pthread_attr_init(0); pthread_cleanup_push(0, 0);
|                      pthread_create(0,0,0,0); pthread_cleanup_pop(0);
|   ;
|   return 0;
| }
configure:17686: result: no
configure:17644: checking for the pthreads library -llthread
configure:17677: gcc -o conftest -fpermisive     conftest.c -llthread  >&5
gcc: error: unrecognized command line option '-fpermisive'
configure:17677: $? = 1
configure: failed program was:
| /* confdefs.h */
| #define PACKAGE_NAME "SickToolbox"
| #define PACKAGE_TARNAME "sicktoolbox"
| #define PACKAGE_VERSION "1.0.1"
| #define PACKAGE_STRING "SickToolbox 1.0.1"
| #define PACKAGE_BUGREPORT "derenick@lehigh.edu"
| #define PACKAGE_URL ""
| #define PACKAGE "sicktoolbox"
| #define VERSION "1.0.1"
| #define LT_OBJDIR ".libs/"
| /* end confdefs.h.  */
| #include <pthread.h>
| int
| main ()
| {
| pthread_t th; pthread_join(th, 0);
|                      pthread_attr_init(0); pthread_cleanup_push(0, 0);
|                      pthread_create(0,0,0,0); pthread_cleanup_pop(0);
|   ;
|   return 0;
| }
configure:17686: result: no
configure:17594: checking whether pthreads work with -pthread
configure:17677: gcc -o conftest -fpermisive  -pthread   conftest.c   >&5
gcc: error: unrecognized command line option '-fpermisive'
configure:17677: $? = 1
configure: failed program was:
| /* confdefs.h */
| #define PACKAGE_NAME "SickToolbox"
| #define PACKAGE_TARNAME "sicktoolbox"
| #define PACKAGE_VERSION "1.0.1"
| #define PACKAGE_STRING "SickToolbox 1.0.1"
| #define PACKAGE_BUGREPORT "derenick@lehigh.edu"
| #define PACKAGE_URL ""
| #define PACKAGE "sicktoolbox"
| #define VERSION "1.0.1"
| #define LT_OBJDIR ".libs/"
| /* end confdefs.h.  */
| #include <pthread.h>
| int
| main ()
| {
| pthread_t th; pthread_join(th, 0);
|                      pthread_attr_init(0); pthread_cleanup_push(0, 0);
|                      pthread_create(0,0,0,0); pthread_cleanup_pop(0);
|   ;
|   return 0;
| }
configure:17686: result: no
configure:17594: checking whether pthreads work with -pthreads
configure:17677: gcc -o conftest -fpermisive  -pthreads   conftest.c   >&5
gcc: error: unrecognized command line option '-fpermisive'
gcc: error: unrecognized command line option '-pthreads'
configure:17677: $? = 1
configure: failed program was:
| /* confdefs.h */
| #define PACKAGE_NAME "SickToolbox"
| #define PACKAGE_TARNAME "sicktoolbox"
| #define PACKAGE_VERSION "1.0.1"
| #define PACKAGE_STRING "SickToolbox 1.0.1"
| #define PACKAGE_BUGREPORT "derenick@lehigh.edu"
| #define PACKAGE_URL ""
| #define PACKAGE "sicktoolbox"
| #define VERSION "1.0.1"
| #define LT_OBJDIR ".libs/"
| /* end confdefs.h.  */
| #include <pthread.h>
| int
| main ()
| {
| pthread_t th; pthread_join(th, 0);
|                      pthread_attr_init(0); pthread_cleanup_push(0, 0);
|                      pthread_create(0,0,0,0); pthread_cleanup_pop(0);
|   ;
|   return 0;
| }
configure:17686: result: no
configure:17594: checking whether pthreads work with -mthreads
configure:17677: gcc -o conftest -fpermisive  -mthreads   conftest.c   >&5
gcc: error: unrecognized command line option '-fpermisive'
gcc: error: unrecognized command line option '-mthreads'
configure:17677: $? = 1
configure: failed program was:
| /* confdefs.h */
| #define PACKAGE_NAME "SickToolbox"
| #define PACKAGE_TARNAME "sicktoolbox"
| #define PACKAGE_VERSION "1.0.1"
| #define PACKAGE_STRING "SickToolbox 1.0.1"
| #define PACKAGE_BUGREPORT "derenick@lehigh.edu"
| #define PACKAGE_URL ""
| #define PACKAGE "sicktoolbox"
| #define VERSION "1.0.1"
| #define LT_OBJDIR ".libs/"
| /* end confdefs.h.  */
| #include <pthread.h>
| int
| main ()
| {
| pthread_t th; pthread_join(th, 0);
|                      pthread_attr_init(0); pthread_cleanup_push(0, 0);
|                      pthread_create(0,0,0,0); pthread_cleanup_pop(0);
|   ;
|   return 0;
| }
configure:17686: result: no
configure:17644: checking for the pthreads library -lpthread
configure:17677: gcc -o conftest -fpermisive     conftest.c -lpthread  >&5
gcc: error: unrecognized command line option '-fpermisive'
configure:17677: $? = 1
configure: failed program was:
| /* confdefs.h */
| #define PACKAGE_NAME "SickToolbox"
| #define PACKAGE_TARNAME "sicktoolbox"
| #define PACKAGE_VERSION "1.0.1"
| #define PACKAGE_STRING "SickToolbox 1.0.1"
| #define PACKAGE_BUGREPORT "derenick@lehigh.edu"
| #define PACKAGE_URL ""
| #define PACKAGE "sicktoolbox"
| #define VERSION "1.0.1"
| #define LT_OBJDIR ".libs/"
| /* end confdefs.h.  */
| #include <pthread.h>
| int
| main ()
| {
| pthread_t th; pthread_join(th, 0);
|                      pthread_attr_init(0); pthread_cleanup_push(0, 0);
|                      pthread_create(0,0,0,0); pthread_cleanup_pop(0);
|   ;
|   return 0;
| }
configure:17686: result: no
configure:17594: checking whether pthreads work with --thread-safe
configure:17677: gcc -o conftest -fpermisive  --thread-safe   conftest.c   >&5
gcc: error: unrecognized command line option '-fpermisive'
gcc: error: unrecognized command line option '--thread-safe'
configure:17677: $? = 1
configure: failed program was:
| /* confdefs.h */
| #define PACKAGE_NAME "SickToolbox"
| #define PACKAGE_TARNAME "sicktoolbox"
| #define PACKAGE_VERSION "1.0.1"
| #define PACKAGE_STRING "SickToolbox 1.0.1"
| #define PACKAGE_BUGREPORT "derenick@lehigh.edu"
| #define PACKAGE_URL ""
| #define PACKAGE "sicktoolbox"
| #define VERSION "1.0.1"
| #define LT_OBJDIR ".libs/"
| /* end confdefs.h.  */
| #include <pthread.h>
| int
| main ()
| {
| pthread_t th; pthread_join(th, 0);
|                      pthread_attr_init(0); pthread_cleanup_push(0, 0);
|                      pthread_create(0,0,0,0); pthread_cleanup_pop(0);
|   ;
|   return 0;
| }
configure:17686: result: no
configure:17594: checking whether pthreads work with -mt
configure:17677: gcc -o conftest -fpermisive  -mt   conftest.c   >&5
gcc: error: unrecognized command line option '-fpermisive'
gcc: error: unrecognized command line option '-mt'
configure:17677: $? = 1
configure: failed program was:
| /* confdefs.h */
| #define PACKAGE_NAME "SickToolbox"
| #define PACKAGE_TARNAME "sicktoolbox"
| #define PACKAGE_VERSION "1.0.1"
| #define PACKAGE_STRING "SickToolbox 1.0.1"
| #define PACKAGE_BUGREPORT "derenick@lehigh.edu"
| #define PACKAGE_URL ""
| #define PACKAGE "sicktoolbox"
| #define VERSION "1.0.1"
| #define LT_OBJDIR ".libs/"
| /* end confdefs.h.  */
| #include <pthread.h>
| int
| main ()
| {
| pthread_t th; pthread_join(th, 0);
|                      pthread_attr_init(0); pthread_cleanup_push(0, 0);
|                      pthread_create(0,0,0,0); pthread_cleanup_pop(0);
|   ;
|   return 0;
| }
configure:17686: result: no
configure:17602: checking for pthread-config
configure:17630: result: no
configure:17990: error: Couldn't find pthread lib!

## ---------------- ##
## Cache variables. ##
## ---------------- ##

ac_cv_build=i686-pc-linux-gnu
ac_cv_c_compiler_gnu=no
ac_cv_cxx_compiler_gnu=yes
ac_cv_env_CCC_set=
ac_cv_env_CCC_value=
ac_cv_env_CC_set=
ac_cv_env_CC_value=
ac_cv_env_CFLAGS_set=set
ac_cv_env_CFLAGS_value='-fpermisive '
ac_cv_env_CPPFLAGS_set=
ac_cv_env_CPPFLAGS_value=
ac_cv_env_CPP_set=
ac_cv_env_CPP_value=
ac_cv_env_CXXCPP_set=
ac_cv_env_CXXCPP_value=
ac_cv_env_CXXFLAGS_set=
ac_cv_env_CXXFLAGS_value=
ac_cv_env_CXX_set=
ac_cv_env_CXX_value=
ac_cv_env_DOXYGEN_PAPER_SIZE_set=
ac_cv_env_DOXYGEN_PAPER_SIZE_value=
ac_cv_env_LDFLAGS_set=
ac_cv_env_LDFLAGS_value=
ac_cv_env_LIBS_set=
ac_cv_env_LIBS_value=
ac_cv_env_build_alias_set=
ac_cv_env_build_alias_value=
ac_cv_env_host_alias_set=
ac_cv_env_host_alias_value=
ac_cv_env_target_alias_set=
ac_cv_env_target_alias_value=
ac_cv_header_dlfcn_h=no
ac_cv_header_inttypes_h=no
ac_cv_header_memory_h=no
ac_cv_header_stdc=no
ac_cv_header_stdint_h=no
ac_cv_header_stdlib_h=no
ac_cv_header_string_h=no
ac_cv_header_strings_h=no
ac_cv_header_sys_stat_h=no
ac_cv_header_sys_types_h=no
ac_cv_header_unistd_h=no
ac_cv_host=i686-pc-linux-gnu
ac_cv_objext=o
ac_cv_path_EGREP='/bin/grep -E'
ac_cv_path_FGREP='/bin/grep -F'
ac_cv_path_GREP=/bin/grep
ac_cv_path_SED=/bin/sed
ac_cv_path_ac_pt_DX_DOT=/usr/bin/dot
ac_cv_path_ac_pt_DX_DOXYGEN=/usr/bin/doxygen
ac_cv_path_ac_pt_DX_EGREP=/bin/egrep
ac_cv_path_ac_pt_DX_MAKEINDEX=/usr/bin/makeindex
ac_cv_path_ac_pt_DX_PDFLATEX=/usr/bin/pdflatex
ac_cv_path_ac_pt_DX_PERL=/usr/bin/perl
ac_cv_path_install='/usr/bin/install -c'
ac_cv_path_mkdir=/bin/mkdir
ac_cv_prog_AWK=mawk
ac_cv_prog_CPP='gcc -E'
ac_cv_prog_CXXCPP='g++ -E'
ac_cv_prog_ac_ct_AR=ar
ac_cv_prog_ac_ct_CC=gcc
ac_cv_prog_ac_ct_CXX=g++
ac_cv_prog_ac_ct_MANIFEST_TOOL=mt
ac_cv_prog_ac_ct_OBJDUMP=objdump
ac_cv_prog_ac_ct_RANLIB=ranlib
ac_cv_prog_ac_ct_STRIP=strip
ac_cv_prog_acx_pthread_config=no
ac_cv_prog_cc_c89=no
ac_cv_prog_cc_g=yes
ac_cv_prog_cxx_g=yes
ac_cv_prog_have_gnuplot=no
ac_cv_prog_make_make_set=yes
am_cv_CC_dependencies_compiler_type=gcc3
am_cv_CXX_dependencies_compiler_type=gcc3
am_cv_make_support_nested_variables=yes
am_cv_prog_cc_c_o=yes
lt_cv_ar_at_file=no
lt_cv_deplibs_check_method=pass_all
lt_cv_file_magic_cmd='$MAGIC_CMD'
lt_cv_file_magic_test_file=
lt_cv_ld_reload_flag=-r
lt_cv_nm_interface='BSD nm'
lt_cv_objdir=.libs
lt_cv_path_LD=/usr/bin/ld
lt_cv_path_LDCXX=/usr/bin/ld
lt_cv_path_NM='/usr/bin/nm -B'
lt_cv_path_mainfest_tool=no
lt_cv_prog_compiler_c_o=no
lt_cv_prog_compiler_c_o_CXX=yes
lt_cv_prog_compiler_pic=' -DPIC'
lt_cv_prog_compiler_pic_CXX='-fPIC -DPIC'
lt_cv_prog_compiler_pic_works=no
lt_cv_prog_compiler_pic_works_CXX=yes
lt_cv_prog_compiler_static_works=no
lt_cv_prog_compiler_static_works_CXX=yes
lt_cv_prog_gnu_ld=yes
lt_cv_prog_gnu_ldcxx=yes
lt_cv_sharedlib_from_linklib_cmd='printf %s\n'
lt_cv_shlibpath_overrides_runpath=no
lt_cv_sys_global_symbol_pipe=
lt_cv_sys_global_symbol_to_c_name_address='sed -n -e '\''s/^: \([^ ]*\)[ ]*$/  {\"\1\", (void *) 0},/p'\'' -e '\''s/^[ABCDGIRSTW]* \([^ ]*\) \([^ ]*\)$/  {"\2", (void *) \&\2},/p'\'''
lt_cv_sys_global_symbol_to_c_name_address_lib_prefix='sed -n -e '\''s/^: \([^ ]*\)[ ]*$/  {\"\1\", (void *) 0},/p'\'' -e '\''s/^[ABCDGIRSTW]* \([^ ]*\) \(lib[^ ]*\)$/  {"\2", (void *) \&\2},/p'\'' -e '\''s/^[ABCDGIRSTW]* \([^ ]*\) \([^ ]*\)$/  {"lib\2", (void *) \&\2},/p'\'''
lt_cv_sys_global_symbol_to_cdecl=
lt_cv_sys_max_cmd_len=1572864
lt_cv_to_host_file_cmd=func_convert_file_noop
lt_cv_to_tool_file_cmd=func_convert_file_noop

## ----------------- ##
## Output variables. ##
## ----------------- ##

ACLOCAL='aclocal-1.14'
AMDEPBACKSLASH='\'
AMDEP_FALSE='#'
AMDEP_TRUE=''
AMTAR='$${TAR-tar}'
AM_BACKSLASH='\'
AM_DEFAULT_V='$(AM_DEFAULT_VERBOSITY)'
AM_DEFAULT_VERBOSITY='1'
AM_V='$(V)'
AR='ar'
AUTOCONF='autoconf'
AUTOHEADER='autoheader'
AUTOMAKE='automake-1.14'
AWK='mawk'
CC='gcc'
CCDEPMODE='depmode=gcc3'
CFLAGS='-fpermisive '
CPP='gcc -E'
CPPFLAGS=''
CXX='g++'
CXXCPP='g++ -E'
CXXDEPMODE='depmode=gcc3'
CXXFLAGS='-g -O2'
CYGPATH_W='echo'
DEFS=''
DEPDIR='.deps'
DLLTOOL='false'
DOXYGEN_PAPER_SIZE=''
DSYMUTIL=''
DUMPBIN=''
DX_COND_chi_FALSE=''
DX_COND_chi_TRUE='#'
DX_COND_chm_FALSE=''
DX_COND_chm_TRUE='#'
DX_COND_doc_FALSE='#'
DX_COND_doc_TRUE=''
DX_COND_dot_FALSE='#'
DX_COND_dot_TRUE=''
DX_COND_html_FALSE='#'
DX_COND_html_TRUE=''
DX_COND_latex_FALSE='#'
DX_COND_latex_TRUE=''
DX_COND_man_FALSE='#'
DX_COND_man_TRUE=''
DX_COND_pdf_FALSE='#'
DX_COND_pdf_TRUE=''
DX_COND_ps_FALSE=''
DX_COND_ps_TRUE='#'
DX_COND_rtf_FALSE=''
DX_COND_rtf_TRUE='#'
DX_COND_xml_FALSE=''
DX_COND_xml_TRUE='#'
DX_CONFIG='doxygen.cfg'
DX_DOCDIR='doxygen-doc'
DX_DOT='/usr/bin/dot'
DX_DOXYGEN='/usr/bin/doxygen'
DX_DVIPS=''
DX_EGREP='/bin/egrep'
DX_ENV=' SRCDIR='\''.'\'' PROJECT='\''sicktoolbox'\'' DOCDIR='\''doxygen-doc'\'' VERSION='\''1.0.1'\'' PERL_PATH='\''/usr/bin/perl'\'' HAVE_DOT='\''YES'\'' DOT_PATH='\''/usr/bin'\'' GENERATE_MAN='\''YES'\'' GENERATE_RTF='\''NO'\'' GENERATE_XML='\''NO'\'' GENERATE_HTMLHELP='\''NO'\'' GENERATE_CHI='\''NO'\'' GENERATE_HTML='\''YES'\'' GENERATE_LATEX='\''YES'\'''
DX_FLAG_chi='0'
DX_FLAG_chm='0'
DX_FLAG_doc='1'
DX_FLAG_dot='1'
DX_FLAG_html='1'
DX_FLAG_man='1'
DX_FLAG_pdf='1'
DX_FLAG_ps='0'
DX_FLAG_rtf='0'
DX_FLAG_xml='0'
DX_HHC=''
DX_LATEX=''
DX_MAKEINDEX='/usr/bin/makeindex'
DX_PDFLATEX='/usr/bin/pdflatex'
DX_PERL='/usr/bin/perl'
DX_PROJECT='sicktoolbox'
ECHO_C=''
ECHO_N='-n'
ECHO_T=''
EGREP='/bin/grep -E'
EXEEXT=''
FGREP='/bin/grep -F'
GREP='/bin/grep'
HAVE_GNUPLOT_FALSE=''
HAVE_GNUPLOT_TRUE='#'
INSTALL_DATA='${INSTALL} -m 644'
INSTALL_PROGRAM='${INSTALL}'
INSTALL_SCRIPT='${INSTALL}'
INSTALL_STRIP_PROGRAM='$(install_sh) -c -s'
LD='/usr/bin/ld'
LDFLAGS=''
LIBOBJS=''
LIBS=''
LIBTOOL='$(SHELL) $(top_builddir)/libtool'
LIPO=''
LN_S='ln -s'
LTLIBOBJS=''
MAKEINFO='makeinfo'
MANIFEST_TOOL=':'
MKDIR_P='/bin/mkdir -p'
NM='/usr/bin/nm -B'
NMEDIT=''
OBJDUMP='objdump'
OBJEXT='o'
OTOOL64=''
OTOOL=''
PACKAGE='sicktoolbox'
PACKAGE_BUGREPORT='derenick@lehigh.edu'
PACKAGE_NAME='SickToolbox'
PACKAGE_STRING='SickToolbox 1.0.1'
PACKAGE_TARNAME='sicktoolbox'
PACKAGE_URL=''
PACKAGE_VERSION='1.0.1'
PATH_SEPARATOR=':'
PTHREAD_CC='gcc'
PTHREAD_CFLAGS=''
PTHREAD_LIBS=''
RANLIB='ranlib'
SED='/bin/sed'
SET_MAKE=''
SHELL='/bin/sh'
SICK_LD_SRC_DIR='sickld-1.0'
SICK_LMS_SRC_DIR='sicklms-1.0'
STRIP='strip'
VERSION='1.0.1'
ac_ct_AR='ar'
ac_ct_CC='gcc'
ac_ct_CXX='g++'
ac_ct_DUMPBIN=''
acx_pthread_config='no'
am__EXEEXT_FALSE=''
am__EXEEXT_TRUE=''
am__fastdepCC_FALSE='#'
am__fastdepCC_TRUE=''
am__fastdepCXX_FALSE='#'
am__fastdepCXX_TRUE=''
am__include='include'
am__isrc=''
am__leading_dot='.'
am__nodep='_no'
am__quote=''
am__tar='$${TAR-tar} chof - "$$tardir"'
am__untar='$${TAR-tar} xf -'
bindir='${exec_prefix}/bin'
build='i686-pc-linux-gnu'
build_alias=''
build_cpu='i686'
build_os='linux-gnu'
build_vendor='pc'
datadir='${datarootdir}'
datarootdir='${prefix}/share'
docdir='${datarootdir}/doc/${PACKAGE_TARNAME}'
dvidir='${docdir}'
exec_prefix='NONE'
have_gnuplot='no'
host='i686-pc-linux-gnu'
host_alias=''
host_cpu='i686'
host_os='linux-gnu'
host_vendor='pc'
htmldir='${docdir}'
includedir='${prefix}/include'
infodir='${datarootdir}/info'
install_sh='${SHELL} /home/mario/software/laser/laserFinal/sicktoolbox-1.0.1/misc/install-sh'
libdir='${exec_prefix}/lib'
libexecdir='${exec_prefix}/libexec'
localedir='${datarootdir}/locale'
localstatedir='${prefix}/var'
mandir='${datarootdir}/man'
mkdir_p='$(MKDIR_P)'
oldincludedir='/usr/include'
pdfdir='${docdir}'
prefix='NONE'
program_transform_name='s,x,x,'
psdir='${docdir}'
sbindir='${exec_prefix}/sbin'
sharedstatedir='${prefix}/com'
sysconfdir='${prefix}/etc'
target_alias=''

## ----------- ##
## confdefs.h. ##
## ----------- ##

/* confdefs.h */
#define PACKAGE_NAME "SickToolbox"
#define PACKAGE_TARNAME "sicktoolbox"
#define PACKAGE_VERSION "1.0.1"
#define PACKAGE_STRING "SickToolbox 1.0.1"
#define PACKAGE_BUGREPORT "derenick@lehigh.edu"
#define PACKAGE_URL ""
#define PACKAGE "sicktoolbox"
#define VERSION "1.0.1"
#define LT_OBJDIR ".libs/"

configure: exit 1
